# JRE version: OpenJDK Runtime Environment Corretto-18.0.1.10.1 (18.0.1+10) (build 18.0.1+10-FR)
# Java VM: OpenJDK 64-Bit Server VM Corretto-18.0.1.10.1 (18.0.1+10-FR, mixed mode, sharing, tiered, compressed oops, compressed class ptrs, g1 gc, windows-amd64)
GC Precious Log:
 CardTable entry size: 512
 Card Set container configuration: InlinePtr #cards 4 size 8 Array Of Cards #cards 16 size 48 Howl #buckets 8 coarsen threshold 3686 Howl Bitmap #cards 512 size 80 coarsen threshold 460 Card regions per heap region 1 cards per card region 4096
 CPUs: 4 total, 4 available
 Memory: 10176M
 Large Page Support: Disabled
 NUMA Support: Disabled
 Compressed Oops: Enabled (Zero based)
 Heap Region Size: 2M
 Heap Min Capacity: 8M
 Heap Initial Capacity: 160M
 Heap Max Capacity: 2546M
 Pre-touch: Disabled
 Parallel Workers: 4
 Concurrent Workers: 1
 Concurrent Refinement Workers: 4
 Periodic GC: Disabled
Heap:
 garbage-first heap   total 55296K, used 29052K [0x0000000760e00000, 0x0000000800000000)
  region size 2048K, 13 young (26624K), 4 survivors (8192K)
 Metaspace       used 23111K, committed 23488K, reserved 1114112K
  class space    used 2940K, committed 3136K, reserved 1048576K
GC Heap History (8 events):
Event: 2.004 GC heap before
{Heap before GC invocations=0 (full 0):
 garbage-first heap   total 163840K, used 12288K [0x0000000760e00000, 0x0000000800000000)
  region size 2048K, 6 young (12288K), 0 survivors (0K)
 Metaspace       used 1903K, committed 2048K, reserved 1114112K
  class space    used 199K, committed 256K, reserved 1048576K
}
Event: 2.008 GC heap after
{Heap after GC invocations=1 (full 0):
 garbage-first heap   total 163840K, used 1584K [0x0000000760e00000, 0x0000000800000000)
  region size 2048K, 1 young (2048K), 1 survivors (2048K)
 Metaspace       used 1903K, committed 2048K, reserved 1114112K
  class space    used 199K, committed 256K, reserved 1048576K
}
Event: 6.299 GC heap before
{Heap before GC invocations=1 (full 0):
 garbage-first heap   total 163840K, used 20016K [0x0000000760e00000, 0x0000000800000000)
  region size 2048K, 10 young (20480K), 1 survivors (2048K)
 Metaspace       used 7531K, committed 7744K, reserved 1114112K
  class space    used 888K, committed 1024K, reserved 1048576K
}
Event: 6.304 GC heap after
{Heap after GC invocations=2 (full 0):
 garbage-first heap   total 163840K, used 4555K [0x0000000760e00000, 0x0000000800000000)
  region size 2048K, 2 young (4096K), 2 survivors (4096K)
 Metaspace       used 7531K, committed 7744K, reserved 1114112K
  class space    used 888K, committed 1024K, reserved 1048576K
}
Event: 81.178 GC heap before
{Heap before GC invocations=2 (full 0):
 garbage-first heap   total 163840K, used 43467K [0x0000000760e00000, 0x0000000800000000)
  region size 2048K, 21 young (43008K), 2 survivors (4096K)
 Metaspace       used 17102K, committed 17344K, reserved 1114112K
  class space    used 2270K, committed 2368K, reserved 1048576K
}
Event: 81.189 GC heap after
{Heap after GC invocations=3 (full 0):
 garbage-first heap   total 163840K, used 11051K [0x0000000760e00000, 0x0000000800000000)
  region size 2048K, 3 young (6144K), 3 survivors (6144K)
 Metaspace       used 17102K, committed 17344K, reserved 1114112K
  class space    used 2270K, committed 2368K, reserved 1048576K
}
Event: 81.456 GC heap before
{Heap before GC invocations=3 (full 0):
 garbage-first heap   total 163840K, used 17195K [0x0000000760e00000, 0x0000000800000000)
  region size 2048K, 7 young (14336K), 3 survivors (6144K)
 Metaspace       used 21193K, committed 21504K, reserved 1114112K
  class space    used 2746K, committed 2944K, reserved 1048576K
}
Event: 81.465 GC heap after
{Heap after GC invocations=4 (full 0):
 garbage-first heap   total 163840K, used 12668K [0x0000000760e00000, 0x0000000800000000)
  region size 2048K, 4 young (8192K), 4 survivors (8192K)
 Metaspace       used 21193K, committed 21504K, reserved 1114112K
  class space    used 2746K, committed 2944K, reserved 1048576K
}

